<?xml version="1.0" encoding="UTF-8"?>
<testsuite xmlns:xsi="http://www.w3.org/2001/XMLSchema-instance" xsi:noNamespaceSchemaLocation="https://maven.apache.org/surefire/maven-surefire-plugin/xsd/surefire-test-report.xsd" name="com.suits3951.driverStationApp.AppTest" time="0.13" tests="1" errors="0" skipped="0" failures="0">
  <properties>
    <property name="sun.desktop" value="windows"/>
    <property name="awt.toolkit" value="sun.awt.windows.WToolkit"/>
    <property name="java.specification.version" value="11"/>
    <property name="sun.cpu.isalist" value="amd64"/>
    <property name="sun.jnu.encoding" value="Cp1252"/>
    <property name="java.class.path" value="c:\SuitsGIT\FRC2019\driverStationApp\target\test-classes;c:\SuitsGIT\FRC2019\driverStationApp\target\classes;C:\Users\Suits\.m2\repository\junit\junit\4.11\junit-4.11.jar;C:\Users\Suits\.m2\repository\org\hamcrest\hamcrest-core\1.3\hamcrest-core-1.3.jar;C:\SuitsGIT\FRC2019\driverStationApp\lib\opencv-344.jar;C:\SuitsGIT\FRC2019\driverStationApp\lib\ntcore-java-2019.1.1.jar;C:\SuitsGIT\FRC2019\driverStationApp\lib\ntcore-jni-2019.1.1-windowsx86-64.jar;C:\SuitsGIT\FRC2019\driverStationApp\lib\wpiutil-java-2019.1.1.jar;"/>
    <property name="java.vm.vendor" value="Oracle Corporation"/>
    <property name="sun.arch.data.model" value="64"/>
    <property name="user.variant" value=""/>
    <property name="java.vendor.url" value="http://java.oracle.com/"/>
    <property name="user.timezone" value="America/New_York"/>
    <property name="java.vm.specification.version" value="11"/>
    <property name="os.name" value="Windows 7"/>
    <property name="sun.java.launcher" value="SUN_STANDARD"/>
    <property name="user.country" value="US"/>
    <property name="sun.boot.library.path" value="C:\Users\Public\frc2019\jdk\bin"/>
    <property name="sun.java.command" value="C:\Users\Suits\AppData\Local\Temp\surefire14558257330090527148\surefirebooter14711067590567157379.jar C:\Users\Suits\AppData\Local\Temp\surefire14558257330090527148 2019-03-12T18-27-03_113-jvmRun1 surefire12561828154197187713tmp surefire_03122939828721715731tmp"/>
    <property name="jdk.debug" value="release"/>
    <property name="surefire.test.class.path" value="c:\SuitsGIT\FRC2019\driverStationApp\target\test-classes;c:\SuitsGIT\FRC2019\driverStationApp\target\classes;C:\Users\Suits\.m2\repository\junit\junit\4.11\junit-4.11.jar;C:\Users\Suits\.m2\repository\org\hamcrest\hamcrest-core\1.3\hamcrest-core-1.3.jar;C:\SuitsGIT\FRC2019\driverStationApp\lib\opencv-344.jar;C:\SuitsGIT\FRC2019\driverStationApp\lib\ntcore-java-2019.1.1.jar;C:\SuitsGIT\FRC2019\driverStationApp\lib\ntcore-jni-2019.1.1-windowsx86-64.jar;C:\SuitsGIT\FRC2019\driverStationApp\lib\wpiutil-java-2019.1.1.jar;"/>
    <property name="sun.cpu.endian" value="little"/>
    <property name="user.home" value="C:\Users\Suits"/>
    <property name="user.language" value="en"/>
    <property name="java.specification.vendor" value="Oracle Corporation"/>
    <property name="java.version.date" value="2018-10-16"/>
    <property name="java.home" value="C:\Users\Public\frc2019\jdk"/>
    <property name="file.separator" value="\"/>
    <property name="basedir" value="c:\SuitsGIT\FRC2019\driverStationApp"/>
    <property name="java.vm.compressedOopsMode" value="32-bit"/>
    <property name="line.separator" value="&#10;"/>
    <property name="java.specification.name" value="Java Platform API Specification"/>
    <property name="java.vm.specification.vendor" value="Oracle Corporation"/>
    <property name="java.awt.graphicsenv" value="sun.awt.Win32GraphicsEnvironment"/>
    <property name="surefire.real.class.path" value="C:\Users\Suits\AppData\Local\Temp\surefire14558257330090527148\surefirebooter14711067590567157379.jar"/>
    <property name="user.script" value=""/>
    <property name="sun.management.compiler" value="HotSpot 64-Bit Tiered Compilers"/>
    <property name="java.runtime.version" value="11.0.1+13"/>
    <property name="user.name" value="Suits"/>
    <property name="path.separator" value=";"/>
    <property name="os.version" value="6.1"/>
    <property name="java.runtime.name" value="OpenJDK Runtime Environment"/>
    <property name="file.encoding" value="Cp1252"/>
    <property name="java.vm.name" value="OpenJDK 64-Bit Server VM"/>
    <property name="java.vendor.version" value="18.9"/>
    <property name="localRepository" value="C:\Users\Suits\.m2\repository"/>
    <property name="java.vendor.url.bug" value="http://bugreport.java.com/bugreport/"/>
    <property name="java.io.tmpdir" value="C:\Users\Suits\AppData\Local\Temp\"/>
    <property name="java.version" value="11.0.1"/>
    <property name="user.dir" value="c:\SuitsGIT\FRC2019\driverStationApp"/>
    <property name="os.arch" value="amd64"/>
    <property name="java.vm.specification.name" value="Java Virtual Machine Specification"/>
    <property name="java.awt.printerjob" value="sun.awt.windows.WPrinterJob"/>
    <property name="sun.os.patch.level" value="Service Pack 1"/>
    <property name="java.library.path" value="C:\Users\Public\frc2019\jdk\bin;C:\Windows\Sun\Java\bin;C:\Windows\system32;C:\Windows;C:\Users\Public\frc2019\jdk\bin:C:\Program Files (x86)\Common Files\Oracle\Java\javapath;C:\ProgramData\Oracle\Java\javapath;C:\Windows\system32;C:\Windows;C:\Windows\System32\Wbem;C:\Windows\System32\WindowsPowerShell\v1.0\;C:\Program Files\Intel\WiFi\bin\;C:\Program Files\Common Files\Intel\WirelessCommon\;C:\Program Files (x86)\IVI Foundation\VISA\WinNT\Bin\;C:\Program Files\IVI Foundation\VISA\Win64\Bin\;C:\Program Files (x86)\IVI Foundation\VISA\WinNT\Bin;C:\Program Files\PuTTY\;C:\Program Files\Git\cmd;C:\Program Files\TortoiseGit\bin;C:\Users\Public\frc2019\roborio\bin;C:\Users\Public\frc2019\frccode;C:\Program Files (x86)\National Instruments\Shared\LabVIEW CLI;C:\Users\Public\frc2019\apache-maven-3.6.0\bin;C:\SuitsGIT\FRC2019\lib;C:\Users\Public\frc2019\roborio\bin;C:\Users\Public\frc2019\frccode;."/>
    <property name="java.vendor" value="Oracle Corporation"/>
    <property name="java.vm.info" value="mixed mode"/>
    <property name="java.vm.version" value="11.0.1+13"/>
    <property name="sun.io.unicode.encoding" value="UnicodeLittle"/>
    <property name="java.class.version" value="55.0"/>
  </properties>
  <testcase name="shouldAnswerWithTrue" classname="com.suits3951.driverStationApp.AppTest" time="0.016"/>
</testsuite>